{"name": "test_products_group", "status": "skipped", "statusDetails": {"message": "XFAIL Wait for fix bug\n\nselenium.common.exceptions.ElementClickInterceptedException: Message: element click intercepted: Element <a href=\"https://testqastudio.me?products_group=sale\" class=\"tab-sale \">...</a> is not clickable at point (623, 566). Other element would receive the click: <div class=\"product-summary\">...</div>\n  (Session info: chrome=115.0.5790.171)\nStacktrace:\nBacktrace:\n\tGetHandleVerifier [0x00007FF782814A62+57106]\n\t(No symbol) [0x00007FF78278CF52]\n\t(No symbol) [0x00007FF78265E2CB]\n\t(No symbol) [0x00007FF78269D290]\n\t(No symbol) [0x00007FF78269B90D]\n\t(No symbol) [0x00007FF7826998F5]\n\t(No symbol) [0x00007FF782698B05]\n\t(No symbol) [0x00007FF78268EE2F]\n\t(No symbol) [0x00007FF7826B69BA]\n\t(No symbol) [0x00007FF78268E746]\n\t(No symbol) [0x00007FF7826B6BD0]\n\t(No symbol) [0x00007FF7826CE522]\n\t(No symbol) [0x00007FF7826B6793]\n\t(No symbol) [0x00007FF78268CE81]\n\t(No symbol) [0x00007FF78268E064]\n\tGetHandleVerifier [0x00007FF782AC4222+2873042]\n\tGetHandleVerifier [0x00007FF782B16590+3209792]\n\tGetHandleVerifier [0x00007FF782B0F3AF+3180639]\n\tGetHandleVerifier [0x00007FF7828A5F25+652245]\n\t(No symbol) [0x00007FF782798618]\n\t(No symbol) [0x00007FF7827947C4]\n\t(No symbol) [0x00007FF7827948BC]\n\t(No symbol) [0x00007FF782784C33]\n\tBaseThreadInitThunk [0x00007FFDBBA67614+20]\n\tRtlUserThreadStart [0x00007FFDBBC826B1+33]", "trace": "tests\\test_shop.py:48: in test_products_group\n    element.click()\n        browser    = <selenium.webdriver.chrome.webdriver.WebDriver (session=\"818dc0d3f5c84852eb81e668e651d094\")>\n        element    = <selenium.webdriver.remote.webelement.WebElement (session=\"818dc0d3f5c84852eb81e668e651d094\", element=\"C5D33679F6BA473781768A88477B44CF_element_115\")>\n        elements   = [<selenium.webdriver.remote.webelement.WebElement (session=\"818dc0d3f5c84852eb81e668e651d094\", element=\"3BBCC4F379AFF6...lement.WebElement (session=\"818dc0d3f5c84852eb81e668e651d094\", element=\"3BBCC4F379AFF607B1A7C449744D9AED_element_28\")>]\n        expected_menu = [('Все', '', \"[class='tab-all active']\"), ('Бестселлеры', '/?products_group=best_sellers', \"[class='tab-best_sellers '... '/?products_group=new', \"[class='tab-new ']\"), ('Распродажа товаров', '/?products_group=sale', \"[class='tab-sale ']\")]\n        item       = ('Распродажа товаров', '/?products_group=sale', \"[class='tab-sale ']\")\n        menu_element = \"[class='catalog-toolbar-tabs__content'] a\"\nenv\\Lib\\site-packages\\selenium\\webdriver\\remote\\webelement.py:94: in click\n    self._execute(Command.CLICK_ELEMENT)\n        self       = <selenium.webdriver.remote.webelement.WebElement (session=\"818dc0d3f5c84852eb81e668e651d094\", element=\"C5D33679F6BA473781768A88477B44CF_element_115\")>\nenv\\Lib\\site-packages\\selenium\\webdriver\\remote\\webelement.py:395: in _execute\n    return self._parent.execute(command, params)\n        command    = 'clickElement'\n        params     = {'id': 'C5D33679F6BA473781768A88477B44CF_element_115'}\n        self       = <selenium.webdriver.remote.webelement.WebElement (session=\"818dc0d3f5c84852eb81e668e651d094\", element=\"C5D33679F6BA473781768A88477B44CF_element_115\")>\nenv\\Lib\\site-packages\\selenium\\webdriver\\remote\\webdriver.py:345: in execute\n    self.error_handler.check_response(response)\n        driver_command = 'clickElement'\n        params     = {'id': 'C5D33679F6BA473781768A88477B44CF_element_115'}\n        response   = {'status': 400, 'value': '{\"value\":{\"error\":\"element click intercepted\",\"message\":\"element click intercepted: Element ...07FF782784C33]\\\\n\\\\tBaseThreadInitThunk [0x00007FFDBBA67614+20]\\\\n\\\\tRtlUserThreadStart [0x00007FFDBBC826B1+33]\\\\n\"}}'}\n        self       = <selenium.webdriver.chrome.webdriver.WebDriver (session=\"818dc0d3f5c84852eb81e668e651d094\")>\nenv\\Lib\\site-packages\\selenium\\webdriver\\remote\\errorhandler.py:229: in check_response\n    raise exception_class(message, screen, stacktrace)\nE   selenium.common.exceptions.ElementClickInterceptedException: Message: element click intercepted: Element <a href=\"https://testqastudio.me?products_group=sale\" class=\"tab-sale \">...</a> is not clickable at point (623, 566). Other element would receive the click: <div class=\"product-summary\">...</div>\nE     (Session info: chrome=115.0.5790.171)\nE   Stacktrace:\nE   Backtrace:\nE   \tGetHandleVerifier [0x00007FF782814A62+57106]\nE   \t(No symbol) [0x00007FF78278CF52]\nE   \t(No symbol) [0x00007FF78265E2CB]\nE   \t(No symbol) [0x00007FF78269D290]\nE   \t(No symbol) [0x00007FF78269B90D]\nE   \t(No symbol) [0x00007FF7826998F5]\nE   \t(No symbol) [0x00007FF782698B05]\nE   \t(No symbol) [0x00007FF78268EE2F]\nE   \t(No symbol) [0x00007FF7826B69BA]\nE   \t(No symbol) [0x00007FF78268E746]\nE   \t(No symbol) [0x00007FF7826B6BD0]\nE   \t(No symbol) [0x00007FF7826CE522]\nE   \t(No symbol) [0x00007FF7826B6793]\nE   \t(No symbol) [0x00007FF78268CE81]\nE   \t(No symbol) [0x00007FF78268E064]\nE   \tGetHandleVerifier [0x00007FF782AC4222+2873042]\nE   \tGetHandleVerifier [0x00007FF782B16590+3209792]\nE   \tGetHandleVerifier [0x00007FF782B0F3AF+3180639]\nE   \tGetHandleVerifier [0x00007FF7828A5F25+652245]\nE   \t(No symbol) [0x00007FF782798618]\nE   \t(No symbol) [0x00007FF7827947C4]\nE   \t(No symbol) [0x00007FF7827948BC]\nE   \t(No symbol) [0x00007FF782784C33]\nE   \tBaseThreadInitThunk [0x00007FFDBBA67614+20]\nE   \tRtlUserThreadStart [0x00007FFDBBC826B1+33]\n        e          = <selenium.webdriver.remote.errorhandler.ErrorCode object at 0x00000224376BB450>\n        error_code = 'ELEMENT_CLICK_INTERCEPTED'\n        error_codes = ['ELEMENT_CLICK_INTERCEPTED', 'ELEMENT_IS_NOT_SELECTABLE', 'ELEMENT_NOT_INTERACTABLE', 'ELEMENT_NOT_VISIBLE', 'IME_ENGINE_ACTIVATION_FAILED', 'IME_NOT_AVAILABLE', ...]\n        error_info = [64, 'element click intercepted']\n        exception_class = <class 'selenium.common.exceptions.ElementClickInterceptedException'>\n        json       = <module 'json' from 'C:\\\\Users\\\\Testing\\\\AppData\\\\Local\\\\Programs\\\\Python\\\\Python311\\\\Lib\\\\json\\\\__init__.py'>\n        message    = 'element click intercepted: Element <a href=\"https://testqastudio.me?products_group=sale\" class=\"tab-sale \">...</a> is...Other element would receive the click: <div class=\"product-summary\">...</div>\\n  (Session info: chrome=115.0.5790.171)'\n        response   = {'status': 400, 'value': '{\"value\":{\"error\":\"element click intercepted\",\"message\":\"element click intercepted: Element ...07FF782784C33]\\\\n\\\\tBaseThreadInitThunk [0x00007FFDBBA67614+20]\\\\n\\\\tRtlUserThreadStart [0x00007FFDBBC826B1+33]\\\\n\"}}'}\n        screen     = None\n        self       = <selenium.webdriver.remote.errorhandler.ErrorHandler object at 0x000002243767D1D0>\n        st_value   = 'Backtrace:\\n\\tGetHandleVerifier [0x00007FF782814A62+57106]\\n\\t(No symbol) [0x00007FF78278CF52]\\n\\t(No symbol) [0x0000...l) [0x00007FF782784C33]\\n\\tBaseThreadInitThunk [0x00007FFDBBA67614+20]\\n\\tRtlUserThreadStart [0x00007FFDBBC826B1+33]\\n'\n        stacktrace = ['Backtrace:', '\\tGetHandleVerifier [0x00007FF782814A62+57106]', '\\t(No symbol) [0x00007FF78278CF52]', '\\t(No symbol) [0x00007FF78265E2CB]', '\\t(No symbol) [0x00007FF78269D290]', '\\t(No symbol) [0x00007FF78269B90D]', ...]\n        status     = 'element click intercepted'\n        value      = {'error': 'element click intercepted', 'message': 'element click intercepted: Element <a href=\"https://testqastudio.me...) [0x00007FF782784C33]\\n\\tBaseThreadInitThunk [0x00007FFDBBA67614+20]\\n\\tRtlUserThreadStart [0x00007FFDBBC826B1+33]\\n'}\n        value_json = '{\"value\":{\"error\":\"element click intercepted\",\"message\":\"element click intercepted: Element \\\\u003Ca href=\\\\\"https://...007FF782784C33]\\\\n\\\\tBaseThreadInitThunk [0x00007FFDBBA67614+20]\\\\n\\\\tRtlUserThreadStart [0x00007FFDBBC826B1+33]\\\\n\"}}'"}, "description": "\n    Test case TC-2\n    ", "start": 1692131099816, "stop": 1692131114127, "uuid": "52ee9c9b-f4bb-4dcf-bb54-2c858ed4135f", "historyId": "4fdd6adba16e950b161eae73ef4ccb14", "testCaseId": "4fdd6adba16e950b161eae73ef4ccb14", "fullName": "tests.test_shop#test_products_group", "labels": [{"name": "tag", "value": "@pytest.mark.xfail(reason='Wait for fix bug')"}, {"name": "parentSuite", "value": "tests"}, {"name": "suite", "value": "test_shop"}, {"name": "host", "value": "DESKTOP-QEGTCN8"}, {"name": "thread", "value": "12184-MainThread"}, {"name": "framework", "value": "pytest"}, {"name": "language", "value": "cpython3"}, {"name": "package", "value": "tests.test_shop"}]}